<?xml version="1.0" encoding="UTF-8"?>
<testsuite name="CalculatorPresenterTest" tests="1" skipped="0" failures="0" errors="0" timestamp="2022-10-15T05:58:17" hostname="DESKTOP-RI4QK6Q" time="6.034">
  <properties/>
  <testcase name="shouldCalculate" classname="CalculatorPresenterTest" time="6.034"/>
  <system-out><![CDATA[]]></system-out>
  <system-err><![CDATA[]]></system-err>
</testsuite>
