<?xml version="1.0" encoding="UTF-8"?>
<testsuite name="CalculatorPresenterTest" tests="1" skipped="0" failures="0" errors="0" timestamp="2022-10-14T20:23:48" hostname="DESKTOP-RI4QK6Q" time="5.798">
  <properties/>
  <testcase name="shouldCalculate" classname="CalculatorPresenterTest" time="5.798"/>
  <system-out><![CDATA[]]></system-out>
  <system-err><![CDATA[]]></system-err>
</testsuite>
