<?xml version="1.0" encoding="UTF-8"?>
<testsuite name="CalculatorTest" tests="5" skipped="0" failures="0" errors="0" timestamp="2022-10-15T08:29:08" hostname="DESKTOP-RI4QK6Q" time="0.095">
  <properties/>
  <testcase name="shouldCalculateMultiply" classname="CalculatorTest" time="0.091"/>
  <testcase name="shouldReturnEmptyResultWhenDividedByZero" classname="CalculatorTest" time="0.0"/>
  <testcase name="shouldCalculateDivide" classname="CalculatorTest" time="0.0"/>
  <testcase name="shouldCalculateMinus" classname="CalculatorTest" time="0.001"/>
  <testcase name="shouldCalculatePlus" classname="CalculatorTest" time="0.001"/>
  <system-out><![CDATA[]]></system-out>
  <system-err><![CDATA[]]></system-err>
</testsuite>
